Using pre-set license
Built from '2022.3/staging' branch; Version is '2022.3.9f1 (ea401c316338) revision 15351836'; Using compiler version '192829333'; Build Type 'Release'
OS: 'Windows 10  (10.0.19045) 64bit Professional' Language: 'en' Physical Memory: 16221 MB
BatchMode: 1, IsHumanControllingUs: 0, StartBugReporterOnCrash: 0, Is64bit: 1, IsPro: 1

COMMAND LINE ARGUMENTS:
C:\Program Files\Unity\Hub\Editor\2022.3.9f1\Editor\Unity.exe
-adb2
-batchMode
-noUpm
-name
AssetImportWorker1
-projectPath
C:/Unity Dev/Haunted Zombie Rush
-logFile
Logs/AssetImportWorker1.log
-srvPort
52319
Successfully changed project path to: C:/Unity Dev/Haunted Zombie Rush
C:/Unity Dev/Haunted Zombie Rush
[UnityMemory] Configuration Parameters - Can be set up in boot.config
    "memorysetup-bucket-allocator-granularity=16"
    "memorysetup-bucket-allocator-bucket-count=8"
    "memorysetup-bucket-allocator-block-size=33554432"
    "memorysetup-bucket-allocator-block-count=8"
    "memorysetup-main-allocator-block-size=16777216"
    "memorysetup-thread-allocator-block-size=16777216"
    "memorysetup-gfx-main-allocator-block-size=16777216"
    "memorysetup-gfx-thread-allocator-block-size=16777216"
    "memorysetup-cache-allocator-block-size=4194304"
    "memorysetup-typetree-allocator-block-size=2097152"
    "memorysetup-profiler-bucket-allocator-granularity=16"
    "memorysetup-profiler-bucket-allocator-bucket-count=8"
    "memorysetup-profiler-bucket-allocator-block-size=33554432"
    "memorysetup-profiler-bucket-allocator-block-count=8"
    "memorysetup-profiler-allocator-block-size=16777216"
    "memorysetup-profiler-editor-allocator-block-size=1048576"
    "memorysetup-temp-allocator-size-main=16777216"
    "memorysetup-job-temp-allocator-block-size=2097152"
    "memorysetup-job-temp-allocator-block-size-background=1048576"
    "memorysetup-job-temp-allocator-reduction-small-platforms=262144"
    "memorysetup-allocator-temp-initial-block-size-main=262144"
    "memorysetup-allocator-temp-initial-block-size-worker=262144"
    "memorysetup-temp-allocator-size-background-worker=32768"
    "memorysetup-temp-allocator-size-job-worker=262144"
    "memorysetup-temp-allocator-size-preload-manager=33554432"
    "memorysetup-temp-allocator-size-nav-mesh-worker=65536"
    "memorysetup-temp-allocator-size-audio-worker=65536"
    "memorysetup-temp-allocator-size-cloud-worker=32768"
    "memorysetup-temp-allocator-size-gi-baking-worker=262144"
    "memorysetup-temp-allocator-size-gfx=262144"
Player connection [32972] Host "[IP] 192.168.56.1 [Port] 0 [Flags] 2 [Guid] 1257911734 [EditorId] 1257911734 [Version] 1048832 [Id] WindowsEditor(7,DESKTOP-119GRD4) [Debug] 1 [PackageName] WindowsEditor [ProjectName] Editor" joined multi-casting on [225.0.0.222:54997]...

Player connection [32972] Host "[IP] 192.168.56.1 [Port] 0 [Flags] 2 [Guid] 1257911734 [EditorId] 1257911734 [Version] 1048832 [Id] WindowsEditor(7,DESKTOP-119GRD4) [Debug] 1 [PackageName] WindowsEditor [ProjectName] Editor" joined alternative multi-casting on [225.0.0.222:34997]...

[Physics::Module] Initialized MultithreadedJobDispatcher with 7 workers.
Refreshing native plugins compatible for Editor in 71.57 ms, found 3 plugins.
Preloading 0 native plugins for Editor in 0.00 ms.
Initialize engine version: 2022.3.9f1 (ea401c316338)
[Subsystems] Discovering subsystems at path C:/Program Files/Unity/Hub/Editor/2022.3.9f1/Editor/Data/Resources/UnitySubsystems
[Subsystems] Discovering subsystems at path C:/Unity Dev/Haunted Zombie Rush/Assets
GfxDevice: creating device client; threaded=0; jobified=0
Direct3D:
    Version:  Direct3D 11.0 [level 11.1]
    Renderer: NVIDIA GeForce GTX 1650 (ID=0x1f99)
    Vendor:   NVIDIA
    VRAM:     3950 MB
    Driver:   31.0.15.3734
Initialize mono
Mono path[0] = 'C:/Program Files/Unity/Hub/Editor/2022.3.9f1/Editor/Data/Managed'
Mono path[1] = 'C:/Program Files/Unity/Hub/Editor/2022.3.9f1/Editor/Data/MonoBleedingEdge/lib/mono/unityjit-win32'
Mono config path = 'C:/Program Files/Unity/Hub/Editor/2022.3.9f1/Editor/Data/MonoBleedingEdge/etc'
Using monoOptions --debugger-agent=transport=dt_socket,embedding=1,server=y,suspend=n,address=127.0.0.1:56624
Begin MonoManager ReloadAssembly
Registering precompiled unity dll's ...
Register platform support module: C:/Program Files/Unity/Hub/Editor/2022.3.9f1/Editor/Data/PlaybackEngines/WebGLSupport/UnityEditor.WebGL.Extensions.dll
Register platform support module: C:/Program Files/Unity/Hub/Editor/2022.3.9f1/Editor/Data/PlaybackEngines/AndroidPlayer/UnityEditor.Android.Extensions.dll
Register platform support module: C:/Program Files/Unity/Hub/Editor/2022.3.9f1/Editor/Data/PlaybackEngines/WindowsStandaloneSupport/UnityEditor.WindowsStandalone.Extensions.dll
Registered in 0.047294 seconds.
- Loaded All Assemblies, in  3.063 seconds
Native extension for WindowsStandalone target not found
Native extension for Android target not found
Android Extension - Scanning For ADB Devices 512 ms
Native extension for WebGL target not found
Mono: successfully reloaded assembly
- Finished resetting the current domain, in  1.158 seconds
Domain Reload Profiling: 4215ms
	BeginReloadAssembly (2176ms)
		ExecutionOrderSort (0ms)
		DisableScriptedObjects (0ms)
		BackupInstance (0ms)
		ReleaseScriptingObjects (0ms)
		CreateAndSetChildDomain (1ms)
	RebuildCommonClasses (159ms)
	RebuildNativeTypeToScriptingClass (39ms)
	initialDomainReloadingComplete (201ms)
	LoadAllAssembliesAndSetupDomain (481ms)
		LoadAssemblies (2175ms)
		RebuildTransferFunctionScriptingTraits (0ms)
		AnalyzeDomain (471ms)
			TypeCache.Refresh (469ms)
				TypeCache.ScanAssembly (443ms)
			ScanForSourceGeneratedMonoScriptInfo (1ms)
			ResolveRequiredComponents (1ms)
	FinalizeReload (1159ms)
		ReleaseScriptCaches (0ms)
		RebuildScriptCaches (0ms)
		SetupLoadedEditorAssemblies (1067ms)
			LogAssemblyErrors (0ms)
			InitializePlatformSupportModulesInManaged (814ms)
			SetLoadedEditorAssemblies (8ms)
			RefreshPlugins (0ms)
			BeforeProcessingInitializeOnLoad (5ms)
			ProcessInitializeOnLoadAttributes (161ms)
			ProcessInitializeOnLoadMethodAttributes (80ms)
			AfterProcessingInitializeOnLoad (0ms)
			EditorAssembliesLoaded (0ms)
		ExecutionOrderSort2 (0ms)
		AwakeInstancesAfterBackupRestoration (0ms)
========================================================================
Worker process is ready to serve import requests
Begin MonoManager ReloadAssembly
- Loaded All Assemblies, in  3.026 seconds
Refreshing native plugins compatible for Editor in 4.56 ms, found 3 plugins.
Native extension for WindowsStandalone target not found
Native extension for Android target not found
Native extension for WebGL target not found
Package Manager log level set to [2]
[Package Manager] Server::EnsureServerProcessIsRunning -- launch failed, reason: Unity was launched with the -noUpm command-line argument
[Package Manager] UpmClient::Send -- Unable to send message (not connected to UPM process).
[Package Manager] Cannot connect to Unity Package Manager local server
Mono: successfully reloaded assembly
- Finished resetting the current domain, in  0.772 seconds
Domain Reload Profiling: 3792ms
	BeginReloadAssembly (224ms)
		ExecutionOrderSort (0ms)
		DisableScriptedObjects (7ms)
		BackupInstance (0ms)
		ReleaseScriptingObjects (0ms)
		CreateAndSetChildDomain (34ms)
	RebuildCommonClasses (52ms)
	RebuildNativeTypeToScriptingClass (18ms)
	initialDomainReloadingComplete (61ms)
	LoadAllAssembliesAndSetupDomain (2664ms)
		LoadAssemblies (2536ms)
		RebuildTransferFunctionScriptingTraits (0ms)
		AnalyzeDomain (263ms)
			TypeCache.Refresh (237ms)
				TypeCache.ScanAssembly (213ms)
			ScanForSourceGeneratedMonoScriptInfo (18ms)
			ResolveRequiredComponents (6ms)
	FinalizeReload (772ms)
		ReleaseScriptCaches (0ms)
		RebuildScriptCaches (0ms)
		SetupLoadedEditorAssemblies (540ms)
			LogAssemblyErrors (0ms)
			InitializePlatformSupportModulesInManaged (39ms)
			SetLoadedEditorAssemblies (3ms)
			RefreshPlugins (0ms)
			BeforeProcessingInitializeOnLoad (81ms)
			ProcessInitializeOnLoadAttributes (379ms)
			ProcessInitializeOnLoadMethodAttributes (25ms)
			AfterProcessingInitializeOnLoad (12ms)
			EditorAssembliesLoaded (0ms)
		ExecutionOrderSort2 (0ms)
		AwakeInstancesAfterBackupRestoration (9ms)
Launched and connected shader compiler UnityShaderCompiler.exe after 0.06 seconds
Refreshing native plugins compatible for Editor in 6.94 ms, found 3 plugins.
Preloading 0 native plugins for Editor in 0.00 ms.
Unloading 3070 Unused Serialized files (Serialized files now loaded: 0)
Unloading 30 unused Assets / (29.1 KB). Loaded Objects now: 3552.
Memory consumption went from 130.1 MB to 130.0 MB.
Total: 17.670500 ms (FindLiveObjects: 0.494200 ms CreateObjectMapping: 0.706200 ms MarkObjects: 16.271600 ms  DeleteObjects: 0.196300 ms)

AssetImportParameters requested are different than current active one (requested -> active):
  custom:container-demuxer-ogg: 62fdf1f143b41e24485cea50d1cbac27 -> 
  custom:video-decoder-ogg-theora: a1e56fd34408186e4bbccfd4996cb3dc -> 
  custom:framework-win-MediaFoundation: 216162199b28c13a410421893ffa2e32 -> 
  custom:CustomObjectIndexerAttribute: 756ad292c208cfabdd7b50bc23989ffe -> 
  custom:container-demuxer-webm: 4f35f7cbe854078d1ac9338744f61a02 -> 
  custom:container-muxer-webm: aa71ff27fc2769a1b78a27578f13a17b -> 
  custom:video-decoder-webm-vp8: 9c59270c3fd7afecdb556c50c9e8de78 -> 
  custom:SearchIndexIgnoredProperties: e643bd26f0fe6173181afceb89e7c659 -> 
  custom:AudioImporter_EditorPlatform: d09bf68614088b80899f8185d706f6e7 -> 
  custom:video-encoder-webm-vp8: eb34c28f22e8b96e1ab97ce403110664 -> 
  custom:audio-decoder-ogg-vorbis: bf7c407c2cedff20999df2af8eb42d56 -> 
  custom:scripting/precompiled-assembly-types:UnityEngine.UI: f762135bac905e34e2b540c872c48817 -> 7ac2e4ab0e1385bc66dd6dd258282fe3
  custom:audio-encoder-webm-vorbis: bf7c407c2cedff20999df2af8eb42d56 -> 
========================================================================
Received Prepare
Begin MonoManager ReloadAssembly
- Loaded All Assemblies, in  0.798 seconds
Refreshing native plugins compatible for Editor in 4.31 ms, found 3 plugins.
Native extension for WindowsStandalone target not found
Native extension for Android target not found
Native extension for WebGL target not found
[Package Manager] Server::EnsureServerProcessIsRunning -- launch failed, reason: Unity was launched with the -noUpm command-line argument
[Package Manager] UpmClient::Send -- Unable to send message (not connected to UPM process).
[Package Manager] Cannot connect to Unity Package Manager local server
Mono: successfully reloaded assembly
- Finished resetting the current domain, in  1.543 seconds
Domain Reload Profiling: 2336ms
	BeginReloadAssembly (369ms)
		ExecutionOrderSort (0ms)
		DisableScriptedObjects (8ms)
		BackupInstance (0ms)
		ReleaseScriptingObjects (0ms)
		CreateAndSetChildDomain (49ms)
	RebuildCommonClasses (70ms)
	RebuildNativeTypeToScriptingClass (20ms)
	initialDomainReloadingComplete (45ms)
	LoadAllAssembliesAndSetupDomain (288ms)
		LoadAssemblies (544ms)
		RebuildTransferFunctionScriptingTraits (0ms)
		AnalyzeDomain (15ms)
			TypeCache.Refresh (7ms)
				TypeCache.ScanAssembly (0ms)
			ScanForSourceGeneratedMonoScriptInfo (0ms)
			ResolveRequiredComponents (6ms)
	FinalizeReload (1544ms)
		ReleaseScriptCaches (0ms)
		RebuildScriptCaches (0ms)
		SetupLoadedEditorAssemblies (683ms)
			LogAssemblyErrors (0ms)
			InitializePlatformSupportModulesInManaged (60ms)
			SetLoadedEditorAssemblies (6ms)
			RefreshPlugins (0ms)
			BeforeProcessingInitializeOnLoad (99ms)
			ProcessInitializeOnLoadAttributes (474ms)
			ProcessInitializeOnLoadMethodAttributes (27ms)
			AfterProcessingInitializeOnLoad (17ms)
			EditorAssembliesLoaded (0ms)
		ExecutionOrderSort2 (0ms)
		AwakeInstancesAfterBackupRestoration (11ms)
Refreshing native plugins compatible for Editor in 6.27 ms, found 3 plugins.
Preloading 0 native plugins for Editor in 0.00 ms.
Unloading 3062 Unused Serialized files (Serialized files now loaded: 0)
Unloading 22 unused Assets / (30.5 KB). Loaded Objects now: 3555.
Memory consumption went from 127.5 MB to 127.5 MB.
Total: 6.502500 ms (FindLiveObjects: 0.546800 ms CreateObjectMapping: 0.523500 ms MarkObjects: 5.320300 ms  DeleteObjects: 0.110300 ms)

Prepare: number of updated asset objects reloaded= 0
AssetImportParameters requested are different than current active one (requested -> active):
  custom:container-demuxer-ogg: 62fdf1f143b41e24485cea50d1cbac27 -> 
  custom:video-decoder-ogg-theora: a1e56fd34408186e4bbccfd4996cb3dc -> 
  custom:framework-win-MediaFoundation: 216162199b28c13a410421893ffa2e32 -> 
  custom:CustomObjectIndexerAttribute: 756ad292c208cfabdd7b50bc23989ffe -> 
  custom:container-demuxer-webm: 4f35f7cbe854078d1ac9338744f61a02 -> 
  custom:container-muxer-webm: aa71ff27fc2769a1b78a27578f13a17b -> 
  custom:video-decoder-webm-vp8: 9c59270c3fd7afecdb556c50c9e8de78 -> 
  custom:SearchIndexIgnoredProperties: e643bd26f0fe6173181afceb89e7c659 -> 
  custom:AudioImporter_EditorPlatform: d09bf68614088b80899f8185d706f6e7 -> 
  custom:video-encoder-webm-vp8: eb34c28f22e8b96e1ab97ce403110664 -> 
  custom:audio-decoder-ogg-vorbis: bf7c407c2cedff20999df2af8eb42d56 -> 
  custom:audio-encoder-webm-vorbis: bf7c407c2cedff20999df2af8eb42d56 -> 
========================================================================
Received Import Request.
  Time since last request: 150185.098706 seconds.
  path: Assets/zombie-rush-Assets/Assets/3D/Fantasy Demon Caves/Textures/bush.tga
  artifactKey: Guid(263691367d78e1b46b5ded38589d4dbc) Importer(815301076,1909f56bfc062723c751e8b465ee728b)
Start importing Assets/zombie-rush-Assets/Assets/3D/Fantasy Demon Caves/Textures/bush.tga using Guid(263691367d78e1b46b5ded38589d4dbc) Importer(815301076,1909f56bfc062723c751e8b465ee728b)  -> (artifact id: '61971f7449da11e90e19487b552363d9') in 0.187333 seconds
Number of updated asset objects reloaded before import = 0
Number of asset objects unloaded after import = 2
========================================================================
Received Import Request.
  Time since last request: 0.000730 seconds.
  path: Assets/zombie-rush-Assets/Assets/3D/Fantasy Demon Caves/Textures/Lava.tga
  artifactKey: Guid(a26d3d8d5debdcd48baf4767fb18ff45) Importer(815301076,1909f56bfc062723c751e8b465ee728b)
Start importing Assets/zombie-rush-Assets/Assets/3D/Fantasy Demon Caves/Textures/Lava.tga using Guid(a26d3d8d5debdcd48baf4767fb18ff45) Importer(815301076,1909f56bfc062723c751e8b465ee728b)  -> (artifact id: '0238189a0929ca23cede5bf2cdce22c8') in 0.120666 seconds
Number of updated asset objects reloaded before import = 0
Number of asset objects unloaded after import = 2
========================================================================
Received Import Request.
  Time since last request: 0.000661 seconds.
  path: Assets/zombie-rush-Assets/Assets/3D/Fantasy Demon Caves/Textures/Fantasy_Demon_Cave_V2_Atlas.tga
  artifactKey: Guid(071b25d89d80c9440a551d6bbd043bc5) Importer(815301076,1909f56bfc062723c751e8b465ee728b)
Start importing Assets/zombie-rush-Assets/Assets/3D/Fantasy Demon Caves/Textures/Fantasy_Demon_Cave_V2_Atlas.tga using Guid(071b25d89d80c9440a551d6bbd043bc5) Importer(815301076,1909f56bfc062723c751e8b465ee728b)  -> (artifact id: '07009c26c97765c56cff9d06bb052df1') in 0.268217 seconds
Number of updated asset objects reloaded before import = 0
Number of asset objects unloaded after import = 2
========================================================================
Received Import Request.
  Time since last request: 0.000020 seconds.
  path: Assets/zombie-rush-Assets/Assets/3D/Fantasy Demon Caves/Textures/Fantasy_Demon_Cave_V3_Atlas_Alpha.tga
  artifactKey: Guid(eaf650f1023c6a34a970958bff0a3631) Importer(815301076,1909f56bfc062723c751e8b465ee728b)
Start importing Assets/zombie-rush-Assets/Assets/3D/Fantasy Demon Caves/Textures/Fantasy_Demon_Cave_V3_Atlas_Alpha.tga using Guid(eaf650f1023c6a34a970958bff0a3631) Importer(815301076,1909f56bfc062723c751e8b465ee728b)  -> (artifact id: 'fe2fdbad72f67ff5728df4b5a084623f') in 0.086865 seconds
Number of updated asset objects reloaded before import = 0
Number of asset objects unloaded after import = 2
========================================================================
Received Import Request.
  Time since last request: 422.891186 seconds.
  path: Assets/zombie-rush-Assets/Assets/3D/Fantasy Demon Caves/FBX/Bone_02.fbx
  artifactKey: Guid(b30ca9b9c23a8d24a8a1e37f453171bd) Importer(815301076,1909f56bfc062723c751e8b465ee728b)
Start importing Assets/zombie-rush-Assets/Assets/3D/Fantasy Demon Caves/FBX/Bone_02.fbx using Guid(b30ca9b9c23a8d24a8a1e37f453171bd) Importer(815301076,1909f56bfc062723c751e8b465ee728b)  -> (artifact id: '10a1a4a8f2711b299e01b7ce0552252d') in 0.366276 seconds
Number of updated asset objects reloaded before import = 0
Number of asset objects unloaded after import = 9
========================================================================
Received Import Request.
  Time since last request: 0.000024 seconds.
  path: Assets/zombie-rush-Assets/Assets/3D/Fantasy Demon Caves/FBX/bush_11.fbx
  artifactKey: Guid(482af880bd9988a4f881fe0ef16389b5) Importer(815301076,1909f56bfc062723c751e8b465ee728b)
Start importing Assets/zombie-rush-Assets/Assets/3D/Fantasy Demon Caves/FBX/bush_11.fbx using Guid(482af880bd9988a4f881fe0ef16389b5) Importer(815301076,1909f56bfc062723c751e8b465ee728b)  -> (artifact id: 'a7e764a534eeab1a838f6661aade87bf') in 0.269846 seconds
Number of updated asset objects reloaded before import = 0
Number of asset objects unloaded after import = 11
========================================================================
Received Import Request.
  Time since last request: 0.005189 seconds.
  path: Assets/zombie-rush-Assets/Assets/3D/Fantasy Demon Caves/FBX/floor_04_decal.fbx
  artifactKey: Guid(b29ffb33eb9dcea4682898563cd1930f) Importer(815301076,1909f56bfc062723c751e8b465ee728b)
Start importing Assets/zombie-rush-Assets/Assets/3D/Fantasy Demon Caves/FBX/floor_04_decal.fbx using Guid(b29ffb33eb9dcea4682898563cd1930f) Importer(815301076,1909f56bfc062723c751e8b465ee728b)  -> (artifact id: '01e426df36bf2161f9842db5fc44dbbb') in 0.136037 seconds
Number of updated asset objects reloaded before import = 0
Number of asset objects unloaded after import = 9
========================================================================
Received Import Request.
  Time since last request: 0.000029 seconds.
  path: Assets/zombie-rush-Assets/Assets/3D/Fantasy Demon Caves/FBX/Bone_12.fbx
  artifactKey: Guid(0376775e29b9fd84d82a61fc8ff69faa) Importer(815301076,1909f56bfc062723c751e8b465ee728b)
Start importing Assets/zombie-rush-Assets/Assets/3D/Fantasy Demon Caves/FBX/Bone_12.fbx using Guid(0376775e29b9fd84d82a61fc8ff69faa) Importer(815301076,1909f56bfc062723c751e8b465ee728b)  -> (artifact id: '3bccd90bd8413fb0c2ece4395f75f1de') in 0.157394 seconds
Number of updated asset objects reloaded before import = 0
Number of asset objects unloaded after import = 9
========================================================================
Received Import Request.
  Time since last request: 0.000026 seconds.
  path: Assets/zombie-rush-Assets/Assets/3D/Fantasy Demon Caves/FBX/Bone_09.fbx
  artifactKey: Guid(da2c54523affd374c89a21b4db31d845) Importer(815301076,1909f56bfc062723c751e8b465ee728b)
Start importing Assets/zombie-rush-Assets/Assets/3D/Fantasy Demon Caves/FBX/Bone_09.fbx using Guid(da2c54523affd374c89a21b4db31d845) Importer(815301076,1909f56bfc062723c751e8b465ee728b)  -> (artifact id: '24115ecbffe0cd9874576430d902f66a') in 0.179511 seconds
Number of updated asset objects reloaded before import = 0
Number of asset objects unloaded after import = 9
========================================================================
Received Import Request.
  Time since last request: 0.026997 seconds.
  path: Assets/zombie-rush-Assets/Assets/3D/Fantasy Demon Caves/FBX/Bone_03.fbx
  artifactKey: Guid(a63be5c399e4c744c9f6b13a8fcb9500) Importer(815301076,1909f56bfc062723c751e8b465ee728b)
Start importing Assets/zombie-rush-Assets/Assets/3D/Fantasy Demon Caves/FBX/Bone_03.fbx using Guid(a63be5c399e4c744c9f6b13a8fcb9500) Importer(815301076,1909f56bfc062723c751e8b465ee728b)  -> (artifact id: '254874e6dc65d86871199de11d4cd0dd') in 0.166057 seconds
Number of updated asset objects reloaded before import = 0
Number of asset objects unloaded after import = 9
========================================================================
Received Import Request.
  Time since last request: 0.000018 seconds.
  path: Assets/zombie-rush-Assets/Assets/3D/Fantasy Demon Caves/FBX/grass_02.fbx
  artifactKey: Guid(f6c99007162ffef4685eda98c2384da3) Importer(815301076,1909f56bfc062723c751e8b465ee728b)
Start importing Assets/zombie-rush-Assets/Assets/3D/Fantasy Demon Caves/FBX/grass_02.fbx using Guid(f6c99007162ffef4685eda98c2384da3) Importer(815301076,1909f56bfc062723c751e8b465ee728b)  -> (artifact id: '3b35f459bb651cfc0999318ddb6baf7a') in 0.119534 seconds
Number of updated asset objects reloaded before import = 0
Number of asset objects unloaded after import = 9
========================================================================
Received Import Request.
  Time since last request: 0.000042 seconds.
  path: Assets/zombie-rush-Assets/Assets/3D/Fantasy Demon Caves/FBX/bush_01.fbx
  artifactKey: Guid(3510666d210ce184d880cd71d0a34a74) Importer(815301076,1909f56bfc062723c751e8b465ee728b)
Start importing Assets/zombie-rush-Assets/Assets/3D/Fantasy Demon Caves/FBX/bush_01.fbx using Guid(3510666d210ce184d880cd71d0a34a74) Importer(815301076,1909f56bfc062723c751e8b465ee728b)  -> (artifact id: 'fa90df611195097e32aaa8550c758c09') in 0.112131 seconds
Number of updated asset objects reloaded before import = 0
Number of asset objects unloaded after import = 9
========================================================================
Received Import Request.
  Time since last request: 0.003147 seconds.
  path: Assets/zombie-rush-Assets/Assets/3D/Fantasy Demon Caves/FBX/module_corner_convex_b.fbx
  artifactKey: Guid(f5695ae5878a9c048b5104bfdb3163a3) Importer(815301076,1909f56bfc062723c751e8b465ee728b)
Start importing Assets/zombie-rush-Assets/Assets/3D/Fantasy Demon Caves/FBX/module_corner_convex_b.fbx using Guid(f5695ae5878a9c048b5104bfdb3163a3) Importer(815301076,1909f56bfc062723c751e8b465ee728b)  -> (artifact id: '108703faff8494cef464deb84731694b') in 0.099500 seconds
Number of updated asset objects reloaded before import = 0
Number of asset objects unloaded after import = 9
========================================================================
Received Import Request.
  Time since last request: 0.000020 seconds.
  path: Assets/zombie-rush-Assets/Assets/3D/Fantasy Demon Caves/FBX/module_corner_convex_c.fbx
  artifactKey: Guid(119a0a1c09ba0e440a30753c43f81b0b) Importer(815301076,1909f56bfc062723c751e8b465ee728b)
Start importing Assets/zombie-rush-Assets/Assets/3D/Fantasy Demon Caves/FBX/module_corner_convex_c.fbx using Guid(119a0a1c09ba0e440a30753c43f81b0b) Importer(815301076,1909f56bfc062723c751e8b465ee728b)  -> (artifact id: '1f5aae716826d12eb5147fd1fb0e75c3') in 0.159120 seconds
Number of updated asset objects reloaded before import = 0
Number of asset objects unloaded after import = 9
========================================================================
Received Import Request.
  Time since last request: 0.008778 seconds.
  path: Assets/zombie-rush-Assets/Assets/3D/Fantasy Demon Caves/FBX/Rock01.fbx
  artifactKey: Guid(1f4d920e0a82ca1408da10f3f5aab8a6) Importer(815301076,1909f56bfc062723c751e8b465ee728b)
Start importing Assets/zombie-rush-Assets/Assets/3D/Fantasy Demon Caves/FBX/Rock01.fbx using Guid(1f4d920e0a82ca1408da10f3f5aab8a6) Importer(815301076,1909f56bfc062723c751e8b465ee728b)  -> (artifact id: '6b82c20c20051817f1db38fad91247be') in 0.097208 seconds
Number of updated asset objects reloaded before import = 0
Number of asset objects unloaded after import = 9
========================================================================
Received Import Request.
  Time since last request: 0.000015 seconds.
  path: Assets/zombie-rush-Assets/Assets/3D/Fantasy Demon Caves/FBX/bush_03.fbx
  artifactKey: Guid(84f236f63e208c245af58437f88432c2) Importer(815301076,1909f56bfc062723c751e8b465ee728b)
Start importing Assets/zombie-rush-Assets/Assets/3D/Fantasy Demon Caves/FBX/bush_03.fbx using Guid(84f236f63e208c245af58437f88432c2) Importer(815301076,1909f56bfc062723c751e8b465ee728b)  -> (artifact id: 'bbbc4b44f2c9f2e2255ef06b45f8fb03') in 0.138610 seconds
Number of updated asset objects reloaded before import = 0
Number of asset objects unloaded after import = 9
========================================================================
Received Import Request.
  Time since last request: 0.000065 seconds.
  path: Assets/zombie-rush-Assets/Assets/3D/Fantasy Demon Caves/FBX/bush_10.fbx
  artifactKey: Guid(4908cbfda0a4f4a4ea9ca4cd42830997) Importer(815301076,1909f56bfc062723c751e8b465ee728b)
Start importing Assets/zombie-rush-Assets/Assets/3D/Fantasy Demon Caves/FBX/bush_10.fbx using Guid(4908cbfda0a4f4a4ea9ca4cd42830997) Importer(815301076,1909f56bfc062723c751e8b465ee728b)  -> (artifact id: '9bdab734de5e0278f340e77e1e7d7fa3') in 0.133288 seconds
Number of updated asset objects reloaded before import = 0
Number of asset objects unloaded after import = 11
========================================================================
Received Import Request.
  Time since last request: 0.004512 seconds.
  path: Assets/zombie-rush-Assets/Assets/3D/Fantasy Demon Caves/FBX/Rock02.fbx
  artifactKey: Guid(ecaaf2b906ae5084a9868ad2c90267a4) Importer(815301076,1909f56bfc062723c751e8b465ee728b)
Start importing Assets/zombie-rush-Assets/Assets/3D/Fantasy Demon Caves/FBX/Rock02.fbx using Guid(ecaaf2b906ae5084a9868ad2c90267a4) Importer(815301076,1909f56bfc062723c751e8b465ee728b)  -> (artifact id: '186f9f9827ecff33ff3dcea378c4f9ee') in 0.128244 seconds
Number of updated asset objects reloaded before import = 0
Number of asset objects unloaded after import = 9
========================================================================
Received Import Request.
  Time since last request: 0.000028 seconds.
  path: Assets/zombie-rush-Assets/Assets/3D/Fantasy Demon Caves/FBX/Lava_blue_06_decal.fbx
  artifactKey: Guid(b2cf5f6b8f1055648b785de1e94b3668) Importer(815301076,1909f56bfc062723c751e8b465ee728b)
Start importing Assets/zombie-rush-Assets/Assets/3D/Fantasy Demon Caves/FBX/Lava_blue_06_decal.fbx using Guid(b2cf5f6b8f1055648b785de1e94b3668) Importer(815301076,1909f56bfc062723c751e8b465ee728b)  -> (artifact id: 'e3f033e39c45022148e139cd47e3a2cf') in 0.142704 seconds
Number of updated asset objects reloaded before import = 0
Number of asset objects unloaded after import = 9
========================================================================
Received Import Request.
  Time since last request: 0.032659 seconds.
  path: Assets/zombie-rush-Assets/Assets/3D/Fantasy Demon Caves/FBX/Lava_01_decal.fbx
  artifactKey: Guid(27f1ef8a79662744fbd58180097a9844) Importer(815301076,1909f56bfc062723c751e8b465ee728b)
Start importing Assets/zombie-rush-Assets/Assets/3D/Fantasy Demon Caves/FBX/Lava_01_decal.fbx using Guid(27f1ef8a79662744fbd58180097a9844) Importer(815301076,1909f56bfc062723c751e8b465ee728b)  -> (artifact id: '1fddd9b4a365e20741168051b13660f2') in 0.099167 seconds
Number of updated asset objects reloaded before import = 0
Number of asset objects unloaded after import = 9
========================================================================
Received Import Request.
  Time since last request: 0.000024 seconds.
  path: Assets/zombie-rush-Assets/Assets/3D/Fantasy Demon Caves/FBX/Bone_07.fbx
  artifactKey: Guid(4cf03e94acd3ea14d86a4ddbe5e7a1b7) Importer(815301076,1909f56bfc062723c751e8b465ee728b)
Start importing Assets/zombie-rush-Assets/Assets/3D/Fantasy Demon Caves/FBX/Bone_07.fbx using Guid(4cf03e94acd3ea14d86a4ddbe5e7a1b7) Importer(815301076,1909f56bfc062723c751e8b465ee728b)  -> (artifact id: '2f9eaaa22099ba8f1910f713da7b670c') in 0.177522 seconds
Number of updated asset objects reloaded before import = 0
Number of asset objects unloaded after import = 9
========================================================================
Received Import Request.
  Time since last request: 0.000029 seconds.
  path: Assets/zombie-rush-Assets/Assets/3D/Fantasy Demon Caves/FBX/Bone_10.fbx
  artifactKey: Guid(040abcd53b8dde842907290f39a2790d) Importer(815301076,1909f56bfc062723c751e8b465ee728b)
Start importing Assets/zombie-rush-Assets/Assets/3D/Fantasy Demon Caves/FBX/Bone_10.fbx using Guid(040abcd53b8dde842907290f39a2790d) Importer(815301076,1909f56bfc062723c751e8b465ee728b)  -> (artifact id: '79cf58d9c83e4732a3676d529051adc6') in 0.147746 seconds
Number of updated asset objects reloaded before import = 0
Number of asset objects unloaded after import = 9
========================================================================
Received Import Request.
  Time since last request: 0.000033 seconds.
  path: Assets/zombie-rush-Assets/Assets/3D/Fantasy Demon Caves/FBX/chain_b.fbx
  artifactKey: Guid(86ba87b2e002d8a48846c330adee0083) Importer(815301076,1909f56bfc062723c751e8b465ee728b)
Start importing Assets/zombie-rush-Assets/Assets/3D/Fantasy Demon Caves/FBX/chain_b.fbx using Guid(86ba87b2e002d8a48846c330adee0083) Importer(815301076,1909f56bfc062723c751e8b465ee728b)  -> (artifact id: 'fcf143e032e799eae41d4aebf52597c9') in 0.139874 seconds
Number of updated asset objects reloaded before import = 0
Number of asset objects unloaded after import = 9
========================================================================
Received Import Request.
  Time since last request: 0.000027 seconds.
  path: Assets/zombie-rush-Assets/Assets/3D/Fantasy Demon Caves/FBX/floor.fbx
  artifactKey: Guid(731396461a052b149b8985b8bfbeff1a) Importer(815301076,1909f56bfc062723c751e8b465ee728b)
Start importing Assets/zombie-rush-Assets/Assets/3D/Fantasy Demon Caves/FBX/floor.fbx using Guid(731396461a052b149b8985b8bfbeff1a) Importer(815301076,1909f56bfc062723c751e8b465ee728b)  -> (artifact id: '79fff4cb4122c0189f83a10437e8c29a') in 0.141845 seconds
Number of updated asset objects reloaded before import = 0
Number of asset objects unloaded after import = 9
========================================================================
Received Import Request.
  Time since last request: 0.000043 seconds.
  path: Assets/zombie-rush-Assets/Assets/3D/Fantasy Demon Caves/FBX/Bone_14.fbx
  artifactKey: Guid(dd8743491340aa546a20330f232b326a) Importer(815301076,1909f56bfc062723c751e8b465ee728b)
Start importing Assets/zombie-rush-Assets/Assets/3D/Fantasy Demon Caves/FBX/Bone_14.fbx using Guid(dd8743491340aa546a20330f232b326a) Importer(815301076,1909f56bfc062723c751e8b465ee728b)  -> (artifact id: '2deaef7709843e638b38e6cae8d7644d') in 0.141152 seconds
Number of updated asset objects reloaded before import = 0
Number of asset objects unloaded after import = 9
========================================================================
Received Import Request.
  Time since last request: 0.000031 seconds.
  path: Assets/zombie-rush-Assets/Assets/3D/Fantasy Demon Caves/FBX/module_end_a.fbx
  artifactKey: Guid(3a994306e98e42c448c0fb33cb44fe8c) Importer(815301076,1909f56bfc062723c751e8b465ee728b)
Start importing Assets/zombie-rush-Assets/Assets/3D/Fantasy Demon Caves/FBX/module_end_a.fbx using Guid(3a994306e98e42c448c0fb33cb44fe8c) Importer(815301076,1909f56bfc062723c751e8b465ee728b)  -> (artifact id: 'd557f2c89b4971913726dd877781afab') in 0.143836 seconds
Number of updated asset objects reloaded before import = 0
Number of asset objects unloaded after import = 9
========================================================================
Received Import Request.
  Time since last request: 0.000015 seconds.
  path: Assets/zombie-rush-Assets/Assets/3D/Fantasy Demon Caves/FBX/chain_a.fbx
  artifactKey: Guid(8cd31997afd412341be6154ad06a9569) Importer(815301076,1909f56bfc062723c751e8b465ee728b)
Start importing Assets/zombie-rush-Assets/Assets/3D/Fantasy Demon Caves/FBX/chain_a.fbx using Guid(8cd31997afd412341be6154ad06a9569) Importer(815301076,1909f56bfc062723c751e8b465ee728b)  -> (artifact id: 'ae86bbc85e425c5e960775d062504433') in 0.107973 seconds
Number of updated asset objects reloaded before import = 0
Number of asset objects unloaded after import = 9
========================================================================
Received Import Request.
  Time since last request: 0.001257 seconds.
  path: Assets/zombie-rush-Assets/Assets/3D/Fantasy Demon Caves/FBX/grass_01.fbx
  artifactKey: Guid(2ac83d8542664854084ce44103193c70) Importer(815301076,1909f56bfc062723c751e8b465ee728b)
Start importing Assets/zombie-rush-Assets/Assets/3D/Fantasy Demon Caves/FBX/grass_01.fbx using Guid(2ac83d8542664854084ce44103193c70) Importer(815301076,1909f56bfc062723c751e8b465ee728b)  -> (artifact id: '7d75b7690f719ae221640602e7306529') in 0.154172 seconds
Number of updated asset objects reloaded before import = 0
Number of asset objects unloaded after import = 9
========================================================================
Received Import Request.
  Time since last request: 0.000029 seconds.
  path: Assets/zombie-rush-Assets/Assets/3D/Fantasy Demon Caves/FBX/Bone_05.fbx
  artifactKey: Guid(7d34156f9b3763746b94991c7c4531da) Importer(815301076,1909f56bfc062723c751e8b465ee728b)
Start importing Assets/zombie-rush-Assets/Assets/3D/Fantasy Demon Caves/FBX/Bone_05.fbx using Guid(7d34156f9b3763746b94991c7c4531da) Importer(815301076,1909f56bfc062723c751e8b465ee728b)  -> (artifact id: '07ee236b275c9b1baee15e810badd8e0') in 0.132816 seconds
Number of updated asset objects reloaded before import = 0
Number of asset objects unloaded after import = 9
========================================================================
Received Import Request.
  Time since last request: 0.000179 seconds.
  path: Assets/zombie-rush-Assets/Assets/3D/Fantasy Demon Caves/FBX/Lava_blue_03_decal.fbx
  artifactKey: Guid(e0c80216d574d32468c40b8f15e9f4e5) Importer(815301076,1909f56bfc062723c751e8b465ee728b)
Start importing Assets/zombie-rush-Assets/Assets/3D/Fantasy Demon Caves/FBX/Lava_blue_03_decal.fbx using Guid(e0c80216d574d32468c40b8f15e9f4e5) Importer(815301076,1909f56bfc062723c751e8b465ee728b)  -> (artifact id: '9531a11a7558b90e486dd500a2b4a6e6') in 0.103124 seconds
Number of updated asset objects reloaded before import = 0
Number of asset objects unloaded after import = 9
========================================================================
Received Import Request.
  Time since last request: 0.000031 seconds.
  path: Assets/zombie-rush-Assets/Assets/3D/Fantasy Demon Caves/FBX/module_end_b.fbx
  artifactKey: Guid(799b1119e0db5574ba5fbc3f267d2cc5) Importer(815301076,1909f56bfc062723c751e8b465ee728b)
Start importing Assets/zombie-rush-Assets/Assets/3D/Fantasy Demon Caves/FBX/module_end_b.fbx using Guid(799b1119e0db5574ba5fbc3f267d2cc5) Importer(815301076,1909f56bfc062723c751e8b465ee728b)  -> (artifact id: '633d4badffbd7b5fbadcf9aa4a1ee7e0') in 0.140711 seconds
Number of updated asset objects reloaded before import = 0
Number of asset objects unloaded after import = 9
========================================================================
Received Import Request.
  Time since last request: 0.029063 seconds.
  path: Assets/zombie-rush-Assets/Assets/3D/Fantasy Demon Caves/FBX/Lava_blue_01_decal.fbx
  artifactKey: Guid(0c2ce34c788f7294ba6fef7488cf604e) Importer(815301076,1909f56bfc062723c751e8b465ee728b)
Start importing Assets/zombie-rush-Assets/Assets/3D/Fantasy Demon Caves/FBX/Lava_blue_01_decal.fbx using Guid(0c2ce34c788f7294ba6fef7488cf604e) Importer(815301076,1909f56bfc062723c751e8b465ee728b)  -> (artifact id: '085cd628c87d258a9b0b990436b4eb58') in 0.144467 seconds
Number of updated asset objects reloaded before import = 0
Number of asset objects unloaded after import = 9
========================================================================
Received Import Request.
  Time since last request: 0.000028 seconds.
  path: Assets/zombie-rush-Assets/Assets/3D/Fantasy Demon Caves/FBX/Portal.fbx
  artifactKey: Guid(21efbd667c2f04744bf898f1070018f3) Importer(815301076,1909f56bfc062723c751e8b465ee728b)
Start importing Assets/zombie-rush-Assets/Assets/3D/Fantasy Demon Caves/FBX/Portal.fbx using Guid(21efbd667c2f04744bf898f1070018f3) Importer(815301076,1909f56bfc062723c751e8b465ee728b)  -> (artifact id: '5d06e5ee9304ec7edda738e53ae3fb76') in 0.098387 seconds
Number of updated asset objects reloaded before import = 0
Number of asset objects unloaded after import = 9
========================================================================
Received Import Request.
  Time since last request: 0.000017 seconds.
  path: Assets/zombie-rush-Assets/Assets/3D/Fantasy Demon Caves/FBX/bush_09.fbx
  artifactKey: Guid(a475a68048d95a044b84ce55b7ee9568) Importer(815301076,1909f56bfc062723c751e8b465ee728b)
Start importing Assets/zombie-rush-Assets/Assets/3D/Fantasy Demon Caves/FBX/bush_09.fbx using Guid(a475a68048d95a044b84ce55b7ee9568) Importer(815301076,1909f56bfc062723c751e8b465ee728b)  -> (artifact id: '26045c1ee6b7b2822b2c82e87b8e2d2c') in 0.159347 seconds
Number of updated asset objects reloaded before import = 0
Number of asset objects unloaded after import = 11
========================================================================
Received Import Request.
  Time since last request: 0.000023 seconds.
  path: Assets/zombie-rush-Assets/Assets/3D/Fantasy Demon Caves/FBX/Lava_04_decal.fbx
  artifactKey: Guid(24f68fd73dc369b46a33d43050a080a1) Importer(815301076,1909f56bfc062723c751e8b465ee728b)
Start importing Assets/zombie-rush-Assets/Assets/3D/Fantasy Demon Caves/FBX/Lava_04_decal.fbx using Guid(24f68fd73dc369b46a33d43050a080a1) Importer(815301076,1909f56bfc062723c751e8b465ee728b)  -> (artifact id: 'de99bf0caf60eb3e97b01f1811c83544') in 0.139814 seconds
Number of updated asset objects reloaded before import = 0
Number of asset objects unloaded after import = 9
========================================================================
Received Import Request.
  Time since last request: 0.000031 seconds.
  path: Assets/zombie-rush-Assets/Assets/3D/Fantasy Demon Caves/FBX/module_corner_convex_a.fbx
  artifactKey: Guid(93606ff9f4fb0fb4dafc5af28c67f019) Importer(815301076,1909f56bfc062723c751e8b465ee728b)
Start importing Assets/zombie-rush-Assets/Assets/3D/Fantasy Demon Caves/FBX/module_corner_convex_a.fbx using Guid(93606ff9f4fb0fb4dafc5af28c67f019) Importer(815301076,1909f56bfc062723c751e8b465ee728b)  -> (artifact id: '411dabd6662cbfbe8401a8b477402f71') in 0.147473 seconds
Number of updated asset objects reloaded before import = 0
Number of asset objects unloaded after import = 9
========================================================================
Received Import Request.
  Time since last request: 0.000023 seconds.
  path: Assets/zombie-rush-Assets/Assets/3D/Fantasy Demon Caves/FBX/Bone_11.fbx
  artifactKey: Guid(923aca3fdb6a3c3499ba96162e36008b) Importer(815301076,1909f56bfc062723c751e8b465ee728b)
Start importing Assets/zombie-rush-Assets/Assets/3D/Fantasy Demon Caves/FBX/Bone_11.fbx using Guid(923aca3fdb6a3c3499ba96162e36008b) Importer(815301076,1909f56bfc062723c751e8b465ee728b)  -> (artifact id: '156672a1f89826d04f40b6b1cadc77f7') in 0.149919 seconds
Number of updated asset objects reloaded before import = 0
Number of asset objects unloaded after import = 9
========================================================================
Received Import Request.
  Time since last request: 0.000023 seconds.
  path: Assets/zombie-rush-Assets/Assets/3D/Fantasy Demon Caves/FBX/floor_02_decal.fbx
  artifactKey: Guid(e7e8a57aec68b6c4fb5b73c92ddbdced) Importer(815301076,1909f56bfc062723c751e8b465ee728b)
Start importing Assets/zombie-rush-Assets/Assets/3D/Fantasy Demon Caves/FBX/floor_02_decal.fbx using Guid(e7e8a57aec68b6c4fb5b73c92ddbdced) Importer(815301076,1909f56bfc062723c751e8b465ee728b)  -> (artifact id: '3bc60050701545ff52d9ea2d1e0b3576') in 0.139448 seconds
Number of updated asset objects reloaded before import = 0
Number of asset objects unloaded after import = 9
========================================================================
Received Import Request.
  Time since last request: 0.000015 seconds.
  path: Assets/zombie-rush-Assets/Assets/3D/Fantasy Demon Caves/FBX/Lava_03_decal.fbx
  artifactKey: Guid(d366e242d983ea94bab9c05dab4e88a4) Importer(815301076,1909f56bfc062723c751e8b465ee728b)
Start importing Assets/zombie-rush-Assets/Assets/3D/Fantasy Demon Caves/FBX/Lava_03_decal.fbx using Guid(d366e242d983ea94bab9c05dab4e88a4) Importer(815301076,1909f56bfc062723c751e8b465ee728b)  -> (artifact id: '6c151231e9e28e220c5c538d490bc702') in 0.138119 seconds
Number of updated asset objects reloaded before import = 0
Number of asset objects unloaded after import = 9
========================================================================
Received Import Request.
  Time since last request: 0.000021 seconds.
  path: Assets/zombie-rush-Assets/Assets/3D/Fantasy Demon Caves/FBX/module_tile_01_ac.fbx
  artifactKey: Guid(d57ab0d0dd8e040448eb25a21ecfc4d7) Importer(815301076,1909f56bfc062723c751e8b465ee728b)
Start importing Assets/zombie-rush-Assets/Assets/3D/Fantasy Demon Caves/FBX/module_tile_01_ac.fbx using Guid(d57ab0d0dd8e040448eb25a21ecfc4d7) Importer(815301076,1909f56bfc062723c751e8b465ee728b)  -> (artifact id: '36e0318678095c389f8cad29f51137e5') in 0.166604 seconds
Number of updated asset objects reloaded before import = 0
Number of asset objects unloaded after import = 9
========================================================================
Received Import Request.
  Time since last request: 0.000115 seconds.
  path: Assets/zombie-rush-Assets/Assets/3D/Fantasy Demon Caves/FBX/rock_cliff_04_lava.fbx
  artifactKey: Guid(a5a65cebc1ab36b40a944cc0902a7fc4) Importer(815301076,1909f56bfc062723c751e8b465ee728b)
Start importing Assets/zombie-rush-Assets/Assets/3D/Fantasy Demon Caves/FBX/rock_cliff_04_lava.fbx using Guid(a5a65cebc1ab36b40a944cc0902a7fc4) Importer(815301076,1909f56bfc062723c751e8b465ee728b)  -> (artifact id: 'dc355d5fe0bb2aecef4ca6beb4cf2c65') in 0.106844 seconds
Number of updated asset objects reloaded before import = 0
Number of asset objects unloaded after import = 9
========================================================================
Received Import Request.
  Time since last request: 0.000020 seconds.
  path: Assets/zombie-rush-Assets/Assets/3D/Fantasy Demon Caves/FBX/rock_02_pillars.fbx
  artifactKey: Guid(3179ff693d4f4ad4caeece08aad0f43e) Importer(815301076,1909f56bfc062723c751e8b465ee728b)
Start importing Assets/zombie-rush-Assets/Assets/3D/Fantasy Demon Caves/FBX/rock_02_pillars.fbx using Guid(3179ff693d4f4ad4caeece08aad0f43e) Importer(815301076,1909f56bfc062723c751e8b465ee728b)  -> (artifact id: '1be32dcc01ffd451dc349d49ccd4e306') in 0.139614 seconds
Number of updated asset objects reloaded before import = 0
Number of asset objects unloaded after import = 9
========================================================================
Received Import Request.
  Time since last request: 0.003887 seconds.
  path: Assets/zombie-rush-Assets/Assets/3D/Fantasy Demon Caves/FBX/Rock04.fbx
  artifactKey: Guid(ae7a01f1fba74d04690a25ef756e6a4d) Importer(815301076,1909f56bfc062723c751e8b465ee728b)
Start importing Assets/zombie-rush-Assets/Assets/3D/Fantasy Demon Caves/FBX/Rock04.fbx using Guid(ae7a01f1fba74d04690a25ef756e6a4d) Importer(815301076,1909f56bfc062723c751e8b465ee728b)  -> (artifact id: '12ca3af3ba84a1cfe0b4b8660b7953c1') in 0.111414 seconds
Number of updated asset objects reloaded before import = 0
Number of asset objects unloaded after import = 9
========================================================================
Received Import Request.
  Time since last request: 0.000040 seconds.
  path: Assets/zombie-rush-Assets/Assets/3D/Fantasy Demon Caves/FBX/Rock03.fbx
  artifactKey: Guid(070f52ad3695a1340a4639fa4db33e6c) Importer(815301076,1909f56bfc062723c751e8b465ee728b)
Start importing Assets/zombie-rush-Assets/Assets/3D/Fantasy Demon Caves/FBX/Rock03.fbx using Guid(070f52ad3695a1340a4639fa4db33e6c) Importer(815301076,1909f56bfc062723c751e8b465ee728b)  -> (artifact id: '328dbbd25f5a9e1ecf3a56bd2560b450') in 0.144764 seconds
Number of updated asset objects reloaded before import = 0
Number of asset objects unloaded after import = 9
========================================================================
Received Import Request.
  Time since last request: 0.000016 seconds.
  path: Assets/zombie-rush-Assets/Assets/3D/Fantasy Demon Caves/FBX/rock_02_pillars_lava.fbx
  artifactKey: Guid(144f907c710f1204fb49c604963454a7) Importer(815301076,1909f56bfc062723c751e8b465ee728b)
Start importing Assets/zombie-rush-Assets/Assets/3D/Fantasy Demon Caves/FBX/rock_02_pillars_lava.fbx using Guid(144f907c710f1204fb49c604963454a7) Importer(815301076,1909f56bfc062723c751e8b465ee728b)  -> (artifact id: 'fd797a3073fa9e7c124fab5c27751986') in 0.121024 seconds
Number of updated asset objects reloaded before import = 0
Number of asset objects unloaded after import = 9
========================================================================
Received Import Request.
  Time since last request: 0.000026 seconds.
  path: Assets/zombie-rush-Assets/Assets/3D/Fantasy Demon Caves/FBX/Rock04_lava.fbx
  artifactKey: Guid(b1c12ffe23b1d664aa4780ba9f7308e9) Importer(815301076,1909f56bfc062723c751e8b465ee728b)
Start importing Assets/zombie-rush-Assets/Assets/3D/Fantasy Demon Caves/FBX/Rock04_lava.fbx using Guid(b1c12ffe23b1d664aa4780ba9f7308e9) Importer(815301076,1909f56bfc062723c751e8b465ee728b)  -> (artifact id: '7c3c6c6f04ddc359e2e840e1bbaacd53') in 0.131954 seconds
Number of updated asset objects reloaded before import = 0
Number of asset objects unloaded after import = 9
========================================================================
Received Import Request.
  Time since last request: 0.000021 seconds.
  path: Assets/zombie-rush-Assets/Assets/3D/Fantasy Demon Caves/FBX/skull_02.fbx
  artifactKey: Guid(7269944ebc1eefb4b81250388c497d7d) Importer(815301076,1909f56bfc062723c751e8b465ee728b)
Start importing Assets/zombie-rush-Assets/Assets/3D/Fantasy Demon Caves/FBX/skull_02.fbx using Guid(7269944ebc1eefb4b81250388c497d7d) Importer(815301076,1909f56bfc062723c751e8b465ee728b)  -> (artifact id: '995d3f209fbbed93a664fadd89151023') in 0.140191 seconds
Number of updated asset objects reloaded before import = 0
Number of asset objects unloaded after import = 9
========================================================================
Received Import Request.
  Time since last request: 0.000021 seconds.
  path: Assets/zombie-rush-Assets/Assets/3D/Fantasy Demon Caves/FBX/skull_01.fbx
  artifactKey: Guid(bce8348eff5268c4f802457a4d3d0738) Importer(815301076,1909f56bfc062723c751e8b465ee728b)
Start importing Assets/zombie-rush-Assets/Assets/3D/Fantasy Demon Caves/FBX/skull_01.fbx using Guid(bce8348eff5268c4f802457a4d3d0738) Importer(815301076,1909f56bfc062723c751e8b465ee728b)  -> (artifact id: '3d7c54f67bb189aec3981c529e387c28') in 0.153722 seconds
Number of updated asset objects reloaded before import = 0
Number of asset objects unloaded after import = 9
========================================================================
Received Import Request.
  Time since last request: 0.000030 seconds.
  path: Assets/zombie-rush-Assets/Assets/3D/Fantasy Demon Caves/FBX/rock_01_pillars_lava.fbx
  artifactKey: Guid(5b9ec41443be9d542a98b7887655c752) Importer(815301076,1909f56bfc062723c751e8b465ee728b)
Start importing Assets/zombie-rush-Assets/Assets/3D/Fantasy Demon Caves/FBX/rock_01_pillars_lava.fbx using Guid(5b9ec41443be9d542a98b7887655c752) Importer(815301076,1909f56bfc062723c751e8b465ee728b)  -> (artifact id: '1063f98f3619a00c7a93e1dabccb8cd0') in 0.139382 seconds
Number of updated asset objects reloaded before import = 0
Number of asset objects unloaded after import = 9
========================================================================
Received Import Request.
  Time since last request: 0.000021 seconds.
  path: Assets/zombie-rush-Assets/Assets/3D/Fantasy Demon Caves/FBX/rock_cliff_02.fbx
  artifactKey: Guid(4cca72f77e8b9b0468cb44ebaddc25e3) Importer(815301076,1909f56bfc062723c751e8b465ee728b)
Start importing Assets/zombie-rush-Assets/Assets/3D/Fantasy Demon Caves/FBX/rock_cliff_02.fbx using Guid(4cca72f77e8b9b0468cb44ebaddc25e3) Importer(815301076,1909f56bfc062723c751e8b465ee728b)  -> (artifact id: '06b3eda2396a459cfaf74f2063361c5f') in 0.136754 seconds
Number of updated asset objects reloaded before import = 0
Number of asset objects unloaded after import = 9
========================================================================
Received Import Request.
  Time since last request: 0.000022 seconds.
  path: Assets/zombie-rush-Assets/Assets/3D/Fantasy Demon Caves/FBX/rock_cliff_02_lava.fbx
  artifactKey: Guid(111408ce2b0f932429744ff0f4966cbe) Importer(815301076,1909f56bfc062723c751e8b465ee728b)
Start importing Assets/zombie-rush-Assets/Assets/3D/Fantasy Demon Caves/FBX/rock_cliff_02_lava.fbx using Guid(111408ce2b0f932429744ff0f4966cbe) Importer(815301076,1909f56bfc062723c751e8b465ee728b)  -> (artifact id: '201ffdba0db51a0585bbea52f6152424') in 0.147287 seconds
Number of updated asset objects reloaded before import = 0
Number of asset objects unloaded after import = 9
========================================================================
Received Import Request.
  Time since last request: 0.000036 seconds.
  path: Assets/zombie-rush-Assets/Assets/3D/Fantasy Demon Caves/FBX/rock_cliff_01.fbx
  artifactKey: Guid(08bb2dd95c7b3ef4da2b75d366432813) Importer(815301076,1909f56bfc062723c751e8b465ee728b)
Start importing Assets/zombie-rush-Assets/Assets/3D/Fantasy Demon Caves/FBX/rock_cliff_01.fbx using Guid(08bb2dd95c7b3ef4da2b75d366432813) Importer(815301076,1909f56bfc062723c751e8b465ee728b)  -> (artifact id: '0ef3cb2b6e9213042cae108ebd1c12d3') in 0.134768 seconds
Number of updated asset objects reloaded before import = 0
Number of asset objects unloaded after import = 9
========================================================================
Received Import Request.
  Time since last request: 0.000016 seconds.
  path: Assets/zombie-rush-Assets/Assets/3D/Fantasy Demon Caves/FBX/step_stone_04_lava.fbx
  artifactKey: Guid(a455cf89072aa844fb74c5b7e39a83d1) Importer(815301076,1909f56bfc062723c751e8b465ee728b)
Start importing Assets/zombie-rush-Assets/Assets/3D/Fantasy Demon Caves/FBX/step_stone_04_lava.fbx using Guid(a455cf89072aa844fb74c5b7e39a83d1) Importer(815301076,1909f56bfc062723c751e8b465ee728b)  -> (artifact id: '2117cb8d77292f80596badac4c42456c') in 0.139284 seconds
Number of updated asset objects reloaded before import = 0
Number of asset objects unloaded after import = 9
========================================================================
Received Import Request.
  Time since last request: 0.000045 seconds.
  path: Assets/zombie-rush-Assets/Assets/3D/Fantasy Demon Caves/FBX/step_stone_05.fbx
  artifactKey: Guid(3d665ba563decf44bbdd9b7c26626077) Importer(815301076,1909f56bfc062723c751e8b465ee728b)
Start importing Assets/zombie-rush-Assets/Assets/3D/Fantasy Demon Caves/FBX/step_stone_05.fbx using Guid(3d665ba563decf44bbdd9b7c26626077) Importer(815301076,1909f56bfc062723c751e8b465ee728b)  -> (artifact id: 'f76eed246a06807f0d0cc73453546c83') in 0.135975 seconds
Number of updated asset objects reloaded before import = 0
Number of asset objects unloaded after import = 9
========================================================================
Received Import Request.
  Time since last request: 0.000023 seconds.
  path: Assets/zombie-rush-Assets/Assets/3D/Fantasy Demon Caves/FBX/step_stone_02.fbx
  artifactKey: Guid(5f255833977f4374f8990dab26f3f329) Importer(815301076,1909f56bfc062723c751e8b465ee728b)
Start importing Assets/zombie-rush-Assets/Assets/3D/Fantasy Demon Caves/FBX/step_stone_02.fbx using Guid(5f255833977f4374f8990dab26f3f329) Importer(815301076,1909f56bfc062723c751e8b465ee728b)  -> (artifact id: 'be1963c2c62833847974deeab756b29d') in 0.147437 seconds
Number of updated asset objects reloaded before import = 0
Number of asset objects unloaded after import = 9
========================================================================
Received Import Request.
  Time since last request: 0.000014 seconds.
  path: Assets/zombie-rush-Assets/Assets/3D/Fantasy Demon Caves/FBX/stone_02_spikes.fbx
  artifactKey: Guid(0737e9ac71a03884285a3a0eb458b408) Importer(815301076,1909f56bfc062723c751e8b465ee728b)
Start importing Assets/zombie-rush-Assets/Assets/3D/Fantasy Demon Caves/FBX/stone_02_spikes.fbx using Guid(0737e9ac71a03884285a3a0eb458b408) Importer(815301076,1909f56bfc062723c751e8b465ee728b)  -> (artifact id: '759805dd80fa5d4161c5d643c8043b80') in 0.161744 seconds
Number of updated asset objects reloaded before import = 0
Number of asset objects unloaded after import = 9
========================================================================
Received Import Request.
  Time since last request: 0.000027 seconds.
  path: Assets/zombie-rush-Assets/Assets/3D/Fantasy Demon Caves/FBX/stone_03_spikes.fbx
  artifactKey: Guid(75a60529cb887eb409a7dcccc225c275) Importer(815301076,1909f56bfc062723c751e8b465ee728b)
Start importing Assets/zombie-rush-Assets/Assets/3D/Fantasy Demon Caves/FBX/stone_03_spikes.fbx using Guid(75a60529cb887eb409a7dcccc225c275) Importer(815301076,1909f56bfc062723c751e8b465ee728b)  -> (artifact id: '6b036e38c48927e3cf65478f974151c0') in 0.151299 seconds
Number of updated asset objects reloaded before import = 0
Number of asset objects unloaded after import = 9
========================================================================
Received Import Request.
  Time since last request: 0.000029 seconds.
  path: Assets/zombie-rush-Assets/Assets/3D/Fantasy Demon Caves/FBX/step_stone_08_lava.fbx
  artifactKey: Guid(312e2c0b0023cee43bdd169f2318a496) Importer(815301076,1909f56bfc062723c751e8b465ee728b)
Start importing Assets/zombie-rush-Assets/Assets/3D/Fantasy Demon Caves/FBX/step_stone_08_lava.fbx using Guid(312e2c0b0023cee43bdd169f2318a496) Importer(815301076,1909f56bfc062723c751e8b465ee728b)  -> (artifact id: '2d7af17563758032973b1041412190bd') in 0.147753 seconds
Number of updated asset objects reloaded before import = 0
Number of asset objects unloaded after import = 9
========================================================================
Received Import Request.
  Time since last request: 0.000014 seconds.
  path: Assets/zombie-rush-Assets/Assets/3D/Fantasy Demon Caves/FBX/spokebone_02.fbx
  artifactKey: Guid(bcc2aaf304fb2584da65243172971318) Importer(815301076,1909f56bfc062723c751e8b465ee728b)
Start importing Assets/zombie-rush-Assets/Assets/3D/Fantasy Demon Caves/FBX/spokebone_02.fbx using Guid(bcc2aaf304fb2584da65243172971318) Importer(815301076,1909f56bfc062723c751e8b465ee728b)  -> (artifact id: 'e6b97506ed41567dfe3f5aa7c8b69001') in 0.134607 seconds
Number of updated asset objects reloaded before import = 0
Number of asset objects unloaded after import = 9
========================================================================
Received Import Request.
  Time since last request: 0.000018 seconds.
  path: Assets/zombie-rush-Assets/Assets/3D/Fantasy Demon Caves/FBX/skull_07.fbx
  artifactKey: Guid(f839e5a8a2a744e4597e4cd0894f468d) Importer(815301076,1909f56bfc062723c751e8b465ee728b)
Start importing Assets/zombie-rush-Assets/Assets/3D/Fantasy Demon Caves/FBX/skull_07.fbx using Guid(f839e5a8a2a744e4597e4cd0894f468d) Importer(815301076,1909f56bfc062723c751e8b465ee728b)  -> (artifact id: 'c800057f1fbe29f57c71624219107a22') in 0.141388 seconds
Number of updated asset objects reloaded before import = 0
Number of asset objects unloaded after import = 9
========================================================================
Received Import Request.
  Time since last request: 0.000031 seconds.
  path: Assets/zombie-rush-Assets/Assets/3D/Fantasy Demon Caves/FBX/step_stone_08.fbx
  artifactKey: Guid(1fbe9b52abafa9742a11b61fd05df8a1) Importer(815301076,1909f56bfc062723c751e8b465ee728b)
Start importing Assets/zombie-rush-Assets/Assets/3D/Fantasy Demon Caves/FBX/step_stone_08.fbx using Guid(1fbe9b52abafa9742a11b61fd05df8a1) Importer(815301076,1909f56bfc062723c751e8b465ee728b)  -> (artifact id: '607c0562a989455a849ea5752857fcc7') in 0.132826 seconds
Number of updated asset objects reloaded before import = 0
Number of asset objects unloaded after import = 9
========================================================================
Received Import Request.
  Time since last request: 0.000168 seconds.
  path: Assets/zombie-rush-Assets/Assets/3D/Fantasy Demon Caves/FBX/stone_04_spikes.fbx
  artifactKey: Guid(ee1f765ef26062d41b0667a00b3488da) Importer(815301076,1909f56bfc062723c751e8b465ee728b)
Start importing Assets/zombie-rush-Assets/Assets/3D/Fantasy Demon Caves/FBX/stone_04_spikes.fbx using Guid(ee1f765ef26062d41b0667a00b3488da) Importer(815301076,1909f56bfc062723c751e8b465ee728b)  -> (artifact id: '36c432edee1ffac72e80817552411d52') in 0.142371 seconds
Number of updated asset objects reloaded before import = 0
Number of asset objects unloaded after import = 9
========================================================================
Received Import Request.
  Time since last request: 0.000023 seconds.
  path: Assets/zombie-rush-Assets/Assets/3D/Fantasy Demon Caves/FBX/stair_02.fbx
  artifactKey: Guid(2e5338fb890b2114d99576b0206148a8) Importer(815301076,1909f56bfc062723c751e8b465ee728b)
Start importing Assets/zombie-rush-Assets/Assets/3D/Fantasy Demon Caves/FBX/stair_02.fbx using Guid(2e5338fb890b2114d99576b0206148a8) Importer(815301076,1909f56bfc062723c751e8b465ee728b)  -> (artifact id: 'd4d76e795813381dd6059e5237c6acf4') in 0.145750 seconds
Number of updated asset objects reloaded before import = 0
Number of asset objects unloaded after import = 9
========================================================================
Received Import Request.
  Time since last request: 0.000031 seconds.
  path: Assets/zombie-rush-Assets/Assets/3D/Fantasy Demon Caves/FBX/step_stone_06_lava.fbx
  artifactKey: Guid(70007ca1a12d09d42bc488fa1e57e274) Importer(815301076,1909f56bfc062723c751e8b465ee728b)
Start importing Assets/zombie-rush-Assets/Assets/3D/Fantasy Demon Caves/FBX/step_stone_06_lava.fbx using Guid(70007ca1a12d09d42bc488fa1e57e274) Importer(815301076,1909f56bfc062723c751e8b465ee728b)  -> (artifact id: '425d0018baeb642b6640dc00c4ed3ffa') in 0.167259 seconds
Number of updated asset objects reloaded before import = 0
Number of asset objects unloaded after import = 9
========================================================================
Received Import Request.
  Time since last request: 0.000036 seconds.
  path: Assets/zombie-rush-Assets/Assets/3D/Fantasy Demon Caves/FBX/stone_05_spikes_lava.fbx
  artifactKey: Guid(b6687615274bdcf4caad2b2fb297b5a3) Importer(815301076,1909f56bfc062723c751e8b465ee728b)
Start importing Assets/zombie-rush-Assets/Assets/3D/Fantasy Demon Caves/FBX/stone_05_spikes_lava.fbx using Guid(b6687615274bdcf4caad2b2fb297b5a3) Importer(815301076,1909f56bfc062723c751e8b465ee728b)  -> (artifact id: 'd6d4eae41c0cb620a5b070d6da4558c8') in 0.169780 seconds
Number of updated asset objects reloaded before import = 0
Number of asset objects unloaded after import = 9
========================================================================
Received Import Request.
  Time since last request: 0.000035 seconds.
  path: Assets/zombie-rush-Assets/Assets/3D/Fantasy Demon Caves/FBX/step_stone_01.fbx
  artifactKey: Guid(62701a20753fb3943aa3f70ee700b250) Importer(815301076,1909f56bfc062723c751e8b465ee728b)
Start importing Assets/zombie-rush-Assets/Assets/3D/Fantasy Demon Caves/FBX/step_stone_01.fbx using Guid(62701a20753fb3943aa3f70ee700b250) Importer(815301076,1909f56bfc062723c751e8b465ee728b)  -> (artifact id: 'cd714a5d151d986680ffd4d6bcf62171') in 0.155445 seconds
Number of updated asset objects reloaded before import = 0
Number of asset objects unloaded after import = 9
========================================================================
Received Import Request.
  Time since last request: 0.019344 seconds.
  path: Assets/zombie-rush-Assets/Assets/3D/Fantasy Demon Caves/FBX/stone_03_spikes_lava.fbx
  artifactKey: Guid(24ba70eca350cf94f8f59616ca258dff) Importer(815301076,1909f56bfc062723c751e8b465ee728b)
Start importing Assets/zombie-rush-Assets/Assets/3D/Fantasy Demon Caves/FBX/stone_03_spikes_lava.fbx using Guid(24ba70eca350cf94f8f59616ca258dff) Importer(815301076,1909f56bfc062723c751e8b465ee728b)  -> (artifact id: '96b79345a9cb8d79b25c1360386c2bbb') in 0.136314 seconds
Number of updated asset objects reloaded before import = 0
Number of asset objects unloaded after import = 9
========================================================================
Received Import Request.
  Time since last request: 0.000026 seconds.
  path: Assets/zombie-rush-Assets/Assets/3D/Fantasy Demon Caves/FBX/step_stone_05_lava.fbx
  artifactKey: Guid(90fe81fb16600a142937936cf846c439) Importer(815301076,1909f56bfc062723c751e8b465ee728b)
Start importing Assets/zombie-rush-Assets/Assets/3D/Fantasy Demon Caves/FBX/step_stone_05_lava.fbx using Guid(90fe81fb16600a142937936cf846c439) Importer(815301076,1909f56bfc062723c751e8b465ee728b)  -> (artifact id: '2fdcf17d02dfb786daf1e50757ad91a2') in 0.093875 seconds
Number of updated asset objects reloaded before import = 0
Number of asset objects unloaded after import = 9
========================================================================
Received Import Request.
  Time since last request: 0.000281 seconds.
  path: Assets/zombie-rush-Assets/Assets/3D/Fantasy Demon Caves/FBX/step_stone_06.fbx
  artifactKey: Guid(bb1ac2360daf73440b4426711ccaf072) Importer(815301076,1909f56bfc062723c751e8b465ee728b)
Start importing Assets/zombie-rush-Assets/Assets/3D/Fantasy Demon Caves/FBX/step_stone_06.fbx using Guid(bb1ac2360daf73440b4426711ccaf072) Importer(815301076,1909f56bfc062723c751e8b465ee728b)  -> (artifact id: 'cda8d313a0010df57d51b9ae4893352a') in 0.150574 seconds
Number of updated asset objects reloaded before import = 0
Number of asset objects unloaded after import = 9
========================================================================
Received Import Request.
  Time since last request: 0.000018 seconds.
  path: Assets/zombie-rush-Assets/Assets/3D/Fantasy Demon Caves/FBX/skull_04.fbx
  artifactKey: Guid(b5913f2eb39ae3e4ba3bbfd2e8009d45) Importer(815301076,1909f56bfc062723c751e8b465ee728b)
Start importing Assets/zombie-rush-Assets/Assets/3D/Fantasy Demon Caves/FBX/skull_04.fbx using Guid(b5913f2eb39ae3e4ba3bbfd2e8009d45) Importer(815301076,1909f56bfc062723c751e8b465ee728b)  -> (artifact id: '35737be478504275035e08c162bbb0c2') in 0.154203 seconds
Number of updated asset objects reloaded before import = 0
Number of asset objects unloaded after import = 9
========================================================================
Received Import Request.
  Time since last request: 3.460896 seconds.
  path: Assets/zombie-rush-Assets/Assets/3D/Fantasy Demon Caves/FBX/stone_arch.fbx
  artifactKey: Guid(92de13e6d73557048af2b915116e51a7) Importer(815301076,1909f56bfc062723c751e8b465ee728b)
Start importing Assets/zombie-rush-Assets/Assets/3D/Fantasy Demon Caves/FBX/stone_arch.fbx using Guid(92de13e6d73557048af2b915116e51a7) Importer(815301076,1909f56bfc062723c751e8b465ee728b)  -> (artifact id: '02ef9fc47af811e2889225c8d546b362') in 0.166168 seconds
Number of updated asset objects reloaded before import = 0
Number of asset objects unloaded after import = 9
========================================================================
Received Import Request.
  Time since last request: 0.000017 seconds.
  path: Assets/zombie-rush-Assets/Assets/3D/Fantasy Demon Caves/FBX/stone_arch_half_02_lava_red.fbx
  artifactKey: Guid(2d735a6b4e2751f4795acf07e82f040d) Importer(815301076,1909f56bfc062723c751e8b465ee728b)
Start importing Assets/zombie-rush-Assets/Assets/3D/Fantasy Demon Caves/FBX/stone_arch_half_02_lava_red.fbx using Guid(2d735a6b4e2751f4795acf07e82f040d) Importer(815301076,1909f56bfc062723c751e8b465ee728b)  -> (artifact id: '7f6681a65759adf2702af57047a628e5') in 0.154914 seconds
Number of updated asset objects reloaded before import = 0
Number of asset objects unloaded after import = 9
========================================================================
Received Import Request.
  Time since last request: 0.012874 seconds.
  path: Assets/zombie-rush-Assets/Assets/3D/Fantasy Demon Caves/FBX/stone_arch_half_01.fbx
  artifactKey: Guid(c0e8e97996d869e4da41542919b3d327) Importer(815301076,1909f56bfc062723c751e8b465ee728b)
Start importing Assets/zombie-rush-Assets/Assets/3D/Fantasy Demon Caves/FBX/stone_arch_half_01.fbx using Guid(c0e8e97996d869e4da41542919b3d327) Importer(815301076,1909f56bfc062723c751e8b465ee728b)  -> (artifact id: '4276d361f61c8dea63ff77a81576c4d0') in 0.144253 seconds
Number of updated asset objects reloaded before import = 0
Number of asset objects unloaded after import = 9
========================================================================
Received Import Request.
  Time since last request: 0.000028 seconds.
  path: Assets/zombie-rush-Assets/Assets/3D/Fantasy Demon Caves/FBX/wall_corner_convex_c.fbx
  artifactKey: Guid(f09b10682581c074a82a43857f7ad484) Importer(815301076,1909f56bfc062723c751e8b465ee728b)
Start importing Assets/zombie-rush-Assets/Assets/3D/Fantasy Demon Caves/FBX/wall_corner_convex_c.fbx using Guid(f09b10682581c074a82a43857f7ad484) Importer(815301076,1909f56bfc062723c751e8b465ee728b)  -> (artifact id: 'fac2f29148667f22c78a41605c7e78fb') in 0.113482 seconds
Number of updated asset objects reloaded before import = 0
Number of asset objects unloaded after import = 9
========================================================================
Received Import Request.
  Time since last request: 0.000604 seconds.
  path: Assets/zombie-rush-Assets/Assets/3D/Fantasy Demon Caves/FBX/wall_corner_concave_d.fbx
  artifactKey: Guid(acc2d40592f250d4099b5792dfac9a23) Importer(815301076,1909f56bfc062723c751e8b465ee728b)
Start importing Assets/zombie-rush-Assets/Assets/3D/Fantasy Demon Caves/FBX/wall_corner_concave_d.fbx using Guid(acc2d40592f250d4099b5792dfac9a23) Importer(815301076,1909f56bfc062723c751e8b465ee728b)  -> (artifact id: '33b4ff99fa6f3d26d0f71d11357ea8cb') in 0.121182 seconds
Number of updated asset objects reloaded before import = 0
Number of asset objects unloaded after import = 9
========================================================================
Received Import Request.
  Time since last request: 0.000025 seconds.
  path: Assets/zombie-rush-Assets/Assets/3D/Fantasy Demon Caves/FBX/wall_tile_d_02.fbx
  artifactKey: Guid(9bf3e01cb548c6944aec0f044e58d8f1) Importer(815301076,1909f56bfc062723c751e8b465ee728b)
Start importing Assets/zombie-rush-Assets/Assets/3D/Fantasy Demon Caves/FBX/wall_tile_d_02.fbx using Guid(9bf3e01cb548c6944aec0f044e58d8f1) Importer(815301076,1909f56bfc062723c751e8b465ee728b)  -> (artifact id: '8d5525987eae7309bb0c950b654de967') in 0.132433 seconds
Number of updated asset objects reloaded before import = 0
Number of asset objects unloaded after import = 9
========================================================================
Received Import Request.
  Time since last request: 0.000032 seconds.
  path: Assets/zombie-rush-Assets/Assets/3D/Fantasy Demon Caves/FBX/wall_corner_convex_a.fbx
  artifactKey: Guid(fb3c9ff527e1c404585b42f445817ea1) Importer(815301076,1909f56bfc062723c751e8b465ee728b)
Start importing Assets/zombie-rush-Assets/Assets/3D/Fantasy Demon Caves/FBX/wall_corner_convex_a.fbx using Guid(fb3c9ff527e1c404585b42f445817ea1) Importer(815301076,1909f56bfc062723c751e8b465ee728b)  -> (artifact id: '2fd590e75c6a0a9164946107ce8e9bcf') in 0.130836 seconds
Number of updated asset objects reloaded before import = 0
Number of asset objects unloaded after import = 9
========================================================================
Received Import Request.
  Time since last request: 0.000026 seconds.
  path: Assets/zombie-rush-Assets/Assets/3D/Fantasy Demon Caves/FBX/stone_bridge.fbx
  artifactKey: Guid(0a5601301f6e5f34a87bf698e91c2f52) Importer(815301076,1909f56bfc062723c751e8b465ee728b)
Start importing Assets/zombie-rush-Assets/Assets/3D/Fantasy Demon Caves/FBX/stone_bridge.fbx using Guid(0a5601301f6e5f34a87bf698e91c2f52) Importer(815301076,1909f56bfc062723c751e8b465ee728b)  -> (artifact id: '5a5320d376d779af9b89e474546164ee') in 0.141367 seconds
Number of updated asset objects reloaded before import = 0
Number of asset objects unloaded after import = 9
========================================================================
Received Import Request.
  Time since last request: 0.000018 seconds.
  path: Assets/zombie-rush-Assets/Assets/3D/Fantasy Demon Caves/FBX/wall_corner_convex_d.fbx
  artifactKey: Guid(1f3b192c37c9094489780a10b9b23653) Importer(815301076,1909f56bfc062723c751e8b465ee728b)
Start importing Assets/zombie-rush-Assets/Assets/3D/Fantasy Demon Caves/FBX/wall_corner_convex_d.fbx using Guid(1f3b192c37c9094489780a10b9b23653) Importer(815301076,1909f56bfc062723c751e8b465ee728b)  -> (artifact id: '7a27f8da993de6f9c89f356b9eb049a9') in 0.159385 seconds
Number of updated asset objects reloaded before import = 0
Number of asset objects unloaded after import = 9
========================================================================
Received Import Request.
  Time since last request: 0.003153 seconds.
  path: Assets/zombie-rush-Assets/Assets/3D/Fantasy Demon Caves/FBX/stone_arch_lava.fbx
  artifactKey: Guid(916429323b180ac409df20c6f641307c) Importer(815301076,1909f56bfc062723c751e8b465ee728b)
Start importing Assets/zombie-rush-Assets/Assets/3D/Fantasy Demon Caves/FBX/stone_arch_lava.fbx using Guid(916429323b180ac409df20c6f641307c) Importer(815301076,1909f56bfc062723c751e8b465ee728b)  -> (artifact id: '9b115cee7848460f3af9a6aa79f60dbc') in 0.121306 seconds
Number of updated asset objects reloaded before import = 0
Number of asset objects unloaded after import = 9
========================================================================
Received Import Request.
  Time since last request: 0.000020 seconds.
  path: Assets/zombie-rush-Assets/Assets/3D/Fantasy Demon Caves/FBX/stone_arch_half_01_lava_blue.fbx
  artifactKey: Guid(5b10e3cbe34f5f043bb7bcbaa44bdd9c) Importer(815301076,1909f56bfc062723c751e8b465ee728b)
Start importing Assets/zombie-rush-Assets/Assets/3D/Fantasy Demon Caves/FBX/stone_arch_half_01_lava_blue.fbx using Guid(5b10e3cbe34f5f043bb7bcbaa44bdd9c) Importer(815301076,1909f56bfc062723c751e8b465ee728b)  -> (artifact id: '3791ddaaafea515f56949a0fc57c70f0') in 0.147826 seconds
Number of updated asset objects reloaded before import = 0
Number of asset objects unloaded after import = 9
========================================================================
Received Import Request.
  Time since last request: 0.000017 seconds.
  path: Assets/zombie-rush-Assets/Assets/3D/Fantasy Demon Caves/FBX/stone_arch_lava_blue.fbx
  artifactKey: Guid(f95e78893bcc6e347b7a287cda1b24d7) Importer(815301076,1909f56bfc062723c751e8b465ee728b)
Start importing Assets/zombie-rush-Assets/Assets/3D/Fantasy Demon Caves/FBX/stone_arch_lava_blue.fbx using Guid(f95e78893bcc6e347b7a287cda1b24d7) Importer(815301076,1909f56bfc062723c751e8b465ee728b)  -> (artifact id: '5617be55881774225fc48aa2bc806e39') in 0.152456 seconds
Number of updated asset objects reloaded before import = 0
Number of asset objects unloaded after import = 9
========================================================================
Received Import Request.
  Time since last request: 0.000028 seconds.
  path: Assets/zombie-rush-Assets/Assets/3D/Fantasy Demon Caves/FBX/wall_tile_b_02.fbx
  artifactKey: Guid(41de457493f3e0d41a468cbb947803f0) Importer(815301076,1909f56bfc062723c751e8b465ee728b)
Start importing Assets/zombie-rush-Assets/Assets/3D/Fantasy Demon Caves/FBX/wall_tile_b_02.fbx using Guid(41de457493f3e0d41a468cbb947803f0) Importer(815301076,1909f56bfc062723c751e8b465ee728b)  -> (artifact id: 'f245fa40db5b7ffd7c57454da60b0a55') in 0.144699 seconds
Number of updated asset objects reloaded before import = 0
Number of asset objects unloaded after import = 9
========================================================================
Received Import Request.
  Time since last request: 0.000031 seconds.
  path: Assets/zombie-rush-Assets/Assets/3D/Fantasy Demon Caves/FBX/wall_tile_d_01.fbx
  artifactKey: Guid(48bf595341c7b5640ac63f617a0ebcd1) Importer(815301076,1909f56bfc062723c751e8b465ee728b)
Start importing Assets/zombie-rush-Assets/Assets/3D/Fantasy Demon Caves/FBX/wall_tile_d_01.fbx using Guid(48bf595341c7b5640ac63f617a0ebcd1) Importer(815301076,1909f56bfc062723c751e8b465ee728b)  -> (artifact id: '386235c6b3995c72c731ba4f896b801f') in 0.145183 seconds
Number of updated asset objects reloaded before import = 0
Number of asset objects unloaded after import = 9
========================================================================
Received Import Request.
  Time since last request: 0.000019 seconds.
  path: Assets/zombie-rush-Assets/Assets/3D/Fantasy Demon Caves/FBX/wall_tile_a_01.fbx
  artifactKey: Guid(679b33cd8b64a524c815bf88fbd9275e) Importer(815301076,1909f56bfc062723c751e8b465ee728b)
Start importing Assets/zombie-rush-Assets/Assets/3D/Fantasy Demon Caves/FBX/wall_tile_a_01.fbx using Guid(679b33cd8b64a524c815bf88fbd9275e) Importer(815301076,1909f56bfc062723c751e8b465ee728b)  -> (artifact id: '9a8466dad908596dd99a0834d475f1e8') in 0.147967 seconds
Number of updated asset objects reloaded before import = 0
Number of asset objects unloaded after import = 9
